Using pre-set license

 COMMAND LINE ARGUMENTS:
/Applications/Unity/Hub/Editor/2020.3.7f1/Unity.app/Contents/MacOS/Unity
-adb2
-batchMode
-noUpm
-name
AssetImportWorker0
-projectPath
/Users/yashernandez/Documents/GitHub/ClaroShopModlo
-logFile
Logs/AssetImportWorker0.log
-srvPort
50704
Successfully changed project path to: /Users/yashernandez/Documents/GitHub/ClaroShopModlo
/Users/yashernandez/Documents/GitHub/ClaroShopModlo
Using Asset Import Pipeline V2.
Refreshing native plugins compatible for Editor in 35.83 ms, found 1 plugins.
Preloading 0 native plugins for Editor in 0.00 ms.
Initialize engine version: 2020.3.7f1 (dd97f2c94397)
[Subsystems] Discovering subsystems at path /Applications/Unity/Hub/Editor/2020.3.7f1/Unity.app/Contents/Resources/UnitySubsystems
[Subsystems] Discovering subsystems at path /Users/yashernandez/Documents/GitHub/ClaroShopModlo/Assets
GfxDevice: creating device client; threaded=0
2021-06-16 17:59:12.962 Unity[1328:28688] Color LCD preferred device: Intel(R) HD Graphics 630 (low power)
2021-06-16 17:59:12.962 Unity[1328:28688] Metal devices available: 2
2021-06-16 17:59:12.962 Unity[1328:28688] 0: AMD Radeon Pro 560 (high power)
2021-06-16 17:59:12.962 Unity[1328:28688] 1: Intel(R) HD Graphics 630 (low power)
2021-06-16 17:59:12.962 Unity[1328:28688] Using device AMD Radeon Pro 560 (high power)
Initializing Metal device caps: AMD Radeon Pro 560
Initialize mono
Mono path[0] = '/Applications/Unity/Hub/Editor/2020.3.7f1/Unity.app/Contents/Managed'
Mono path[1] = '/Applications/Unity/Hub/Editor/2020.3.7f1/Unity.app/Contents/MonoBleedingEdge/lib/mono/unityjit'
Mono config path = '/Applications/Unity/Hub/Editor/2020.3.7f1/Unity.app/Contents/MonoBleedingEdge/etc'
Using monoOptions --debugger-agent=transport=dt_socket,embedding=1,server=y,suspend=n,address=127.0.0.1:56328
Begin MonoManager ReloadAssembly
Registering precompiled unity dll's ...
Register platform support module: /Applications/Unity/Hub/Editor/2020.3.7f1/Unity.app/Contents/PlaybackEngines/MacStandaloneSupport/UnityEditor.OSXStandalone.Extensions.dll
Registered in 0.001436 seconds.
Native extension for OSXStandalone target not found
Refreshing native plugins compatible for Editor in 40.97 ms, found 1 plugins.
Preloading 0 native plugins for Editor in 0.00 ms.
Mono: successfully reloaded assembly
- Completed reload, in  2.967 seconds
Platform modules already initialized, skipping
Registering precompiled user dll's ...
Registered in 0.000575 seconds.
Begin MonoManager ReloadAssembly
Native extension for OSXStandalone target not found
Refreshing native plugins compatible for Editor in 0.41 ms, found 1 plugins.
Preloading 0 native plugins for Editor in 0.00 ms.
Mono: successfully reloaded assembly
- Completed reload, in  1.284 seconds
Platform modules already initialized, skipping
========================================================================
Worker process is ready to serve import requests
Launching external process: /Applications/Unity/Hub/Editor/2020.3.7f1/Unity.app/Contents/Tools/UnityShaderCompiler
Launched and connected shader compiler UnityShaderCompiler after 0.02 seconds
Refreshing native plugins compatible for Editor in 0.31 ms, found 1 plugins.
Preloading 0 native plugins for Editor in 0.00 ms.
Unloading 1490 Unused Serialized files (Serialized files now loaded: 0)
System memory in use before: 127.5 MB.
System memory in use after: 127.6 MB.

Unloading 11 unused Assets to reduce memory usage. Loaded Objects now: 1937.
Total: 3.956926 ms (FindLiveObjects: 0.606609 ms CreateObjectMapping: 0.224134 ms MarkObjects: 2.979520 ms  DeleteObjects: 0.143811 ms)

========================================================================
Received Import Request.
  path: Assets/Script/UI/AnimationCtrl.cs
  artifactKey: Guid(f732d2bd633bb4a8eab76c7b0a437194) Importer(815301076,1909f56bfc062723c751e8b465ee728b)
Start importing Assets/Script/UI/AnimationCtrl.cs using Guid(f732d2bd633bb4a8eab76c7b0a437194) Importer(815301076,1909f56bfc062723c751e8b465ee728b)  -> (artifact id: '8531cb02d3080b91b2d52b06d8cd877d') in 4.426759 seconds
  Import took 4.432222 seconds .

